<?xml version="1.0" encoding="UTF-8"?>
<testng-results ignored="0" total="1" passed="1" failed="0" skipped="0">
  <reporter-output>
  </reporter-output>
  <suite started-at="2024-02-07T13:03:36 IST" name="Default suite" finished-at="2024-02-07T13:03:49 IST" duration-ms="13073">
    <groups>
    </groups>
    <test started-at="2024-02-07T13:03:36 IST" name="Default test" finished-at="2024-02-07T13:03:49 IST" duration-ms="13073">
      <class name="com.inetbanking.testCases.TCLoginTest_001">
        <test-method is-config="true" signature="setup()[pri:0, instance:com.inetbanking.testCases.TCLoginTest_001@4fb61f4a]" started-at="2024-02-07T13:03:36 IST" name="setup" finished-at="2024-02-07T13:03:38 IST" duration-ms="2345" status="PASS">
          <reporter-output>
          </reporter-output>
        </test-method> <!-- setup -->
        <test-method signature="loginTest()[pri:0, instance:com.inetbanking.testCases.TCLoginTest_001@4fb61f4a]" started-at="2024-02-07T13:03:39 IST" name="loginTest" finished-at="2024-02-07T13:03:49 IST" duration-ms="10458" status="PASS">
          <reporter-output>
          </reporter-output>
        </test-method> <!-- loginTest -->
        <test-method is-config="true" signature="tearDown()[pri:0, instance:com.inetbanking.testCases.TCLoginTest_001@4fb61f4a]" started-at="2024-02-07T13:03:49 IST" name="tearDown" finished-at="2024-02-07T13:03:49 IST" duration-ms="213" status="PASS">
          <reporter-output>
          </reporter-output>
        </test-method> <!-- tearDown -->
      </class> <!-- com.inetbanking.testCases.TCLoginTest_001 -->
    </test> <!-- Default test -->
  </suite> <!-- Default suite -->
</testng-results>
